[2025-04-27T09:41:55.430Z] 🚀 [ROUND STARTED]
[2025-04-27T09:41:56.757Z] ⏩ Skipping q6cs9ydGZbPfM2zwyqb9j8ttXqR7P5kCW4Nb6ogpump — FDV: $4433 < 16900
[2025-04-27T09:41:56.758Z] ⏩ Skipping EjgHZB3H97bbx6EKT2C5MN4JCGFgFvvKYwzPz9x8pump — FDV: $5166 < 16900
[2025-04-27T09:41:56.759Z] ⏩ Skipping 68QwABmzkmL3uNH9oTc7EFu8itWABfDjYuwJe2Qnpump — FDV: $4293 < 16900
[2025-04-27T09:41:56.759Z] ⏩ Skipping J8K3ynS9WNwcU1wqT2bUk6s6EzyW2fJan3qojoXvpump — FDV: $4289 < 16900
[2025-04-27T09:41:56.759Z] ⏩ Skipping BbL6Pk7Wsxyac6c6CijzQpRt2hwefTkhBRdYm2fFpump — FDV: $5162 < 16900
[2025-04-27T09:41:56.760Z] ⏩ Skipping 4EmDfmjAqzmcFZgcri4dvaptGGYbjjYQ4igzEGvJpump — FDV: $4581 < 16900
[2025-04-27T09:41:56.761Z] ⏩ Skipping 5JEJcM2yuN943ejepzcTLCNb3Pu4jN9PkvBXxeynpump — FDV: $6060 < 16900
[2025-04-27T09:41:56.761Z] ⏩ Skipping 6Fdr5paXkYy3DVmd45m7EYuLogFTs7rLKTkPYiWVpump — FDV: $6269 < 16900
[2025-04-27T09:41:56.762Z] ⏩ Skipping 7QSs9o6EBXJyPdkZRxE1rfUQ6SQ6F62gMkJB8aRqpump — FDV: $4188 < 16900
[2025-04-27T09:41:56.762Z] ⏩ Skipping 4GenV3TYu5XYdgAE86dtT87f9EJTaRk3tHkCgmUCpump — FDV: $6567 < 16900
[2025-04-27T09:41:56.763Z] ⏩ Skipping AitRxNDy47RQGm9R6rp4rW7i2g2aUbCUUaGsbYkgpump — FDV: $4694 < 16900
[2025-04-27T09:41:56.763Z] ⏩ Skipping CzPdeTFfMpE9wQBoFCt8cV1YknTABiJXSqwSUr2Gpump — FDV: $4155 < 16900
[2025-04-27T09:41:56.764Z] ⏩ Skipping 6imBQ81TYj9fSgpM7bFt8JrPcfRX4e5dv4LgjAxapump — FDV: $4153 < 16900
[2025-04-27T09:41:56.764Z] ⏩ Skipping 48RK6R2bHDKmPmoVkAr53w3mABF6oVsiMwA4fzsxpump — FDV: $4156 < 16900
[2025-04-27T09:41:56.765Z] ⏩ Skipping FBiFAcCqagD5nmQE9FNrESNJBB11hRYNi9qK1kpepump — FDV: $4496 < 16900
[2025-04-27T09:41:56.765Z] ⏩ Skipping 5dpWLZcE2vTpuKHqKdzJScAczf9ou2qSDknzVw9upump — FDV: $4952 < 16900
[2025-04-27T09:41:56.766Z] ⏩ Skipping 7KJGRYFFrjuqj5BbeE8f789GFghXtiH3CrgdwLD4RWD2 — FDV: $4430 < 16900
[2025-04-27T09:41:56.766Z] ⏩ Skipping EessJsDXRbbHjgvtFPQtyg4dUtmpR6HD3LEfDAJMpump — FDV: $4193 < 16900
[2025-04-27T09:41:56.767Z] ⏩ Skipping 9GeR4feHAGFQ8bofW5hEKrw6yMbxxVRSuEXtCLKhpump — FDV: $4912 < 16900
[2025-04-27T09:41:56.767Z] ⏩ Skipping 9DneKDG4nLRzsaF9UXandwtuwBDttwr4qiXPAhQPpump — FDV: $4166 < 16900
[2025-04-27T09:41:56.767Z] ⏩ Skipping 4JLQAeekVjaXYifGBjin87nrwBVxNFdBRhu8axFypump — FDV: $4199 < 16900
[2025-04-27T09:41:56.768Z] ⏩ Skipping 2tmRfWcZ4XtZRbHYpnE7pvfPhsBsx6T6PPRxrSzLpump — FDV: $4153 < 16900
[2025-04-27T09:41:56.768Z] ⏩ Skipping 9nKZwYq8fZMsDnEhXLhLGaDLoKSxGuL6EkoucDaepump — FDV: $4166 < 16900
[2025-04-27T09:41:56.769Z] ⏩ Skipping JASn2aVErDCiaHkCj9rCCLNs3d3majL7WJoHesx4pump — FDV: $4430 < 16900
[2025-04-27T09:41:56.769Z] ⏩ Skipping 63C4cbRR9nRQJHaY8DjpogFJKhZygr4AR4SEzGdbpump — FDV: $4166 < 16900
[2025-04-27T09:41:56.769Z] ⏩ Skipping 66JSK56pZ5YPsyVRznZWsWHUU8erLWnorX46ssPMpump — FDV: $4154 < 16900
[2025-04-27T09:41:56.770Z] ⏩ Skipping iWVfMUTt4bEcKCPK1Fvu1ssdbMPwG1ez1ijhnThpump — FDV: $4155 < 16900
[2025-04-27T09:41:56.770Z] ⏩ Skipping HBWpiPpT3uxeBxAaXasT4X4RZ852fsE3CaN9An2Jpump — FDV: $4247 < 16900
[2025-04-27T09:41:56.771Z] ⏩ Skipping CX3QJH95HhKodSEmoHdMoh4KUpfumTHmPW4SedDGpump — FDV: $4154 < 16900
[2025-04-27T09:41:56.791Z] ⏩ Skipping 4AjsAYzaFg8FLypPWchqdmG7HARWcBRcRUhCEpTypump — FDV: $4153 < 16900
[2025-04-27T09:41:56.791Z] ⏩ Skipping 6Mi8CBgLZKGf4FPZmK5yZHL2eaCJTpStRRvACjyEpump — FDV: $4151 < 16900
[2025-04-27T09:41:56.792Z] ⏩ Skipping C88UCtqbCFme7sQUqmskeiKkJvudcAmJ8DrBaxtCpump — FDV: $4632 < 16900
[2025-04-27T09:41:56.792Z] ⏩ Skipping 263NXmexjPfsA3rgfNqJ9F2xdPgdDKiVfVTvRXEopump — FDV: $4154 < 16900
[2025-04-27T09:41:56.792Z] ⏩ Skipping HnfG8wKCTYt55ChiGGAk1fBmQeTAhko6NwyV7DGpump — FDV: $4151 < 16900
[2025-04-27T09:41:56.793Z] ⏩ Skipping 2cdu7xCfgWG4VXS4NkR7Er8g9edEKCJPhw5crjgBpump — FDV: $4153 < 16900
[2025-04-27T09:41:56.793Z] ⏩ Skipping DFEj18hAdwVYHFCB1ErNq695RDVAnwGj3MqJhLP1pump — FDV: $4157 < 16900
[2025-04-27T09:41:56.794Z] ⏩ Skipping E4R9SfuTsYfZVst5ywaCmc7fez5pbnnoyhBfF1wQpump — FDV: $4151 < 16900
[2025-04-27T09:41:56.794Z] ⏩ Skipping BZtrc89MRDuZXbNjFuCPLb5x7vRd4S5kUqR9b2Jipump — FDV: $5726 < 16900
[2025-04-27T09:41:56.795Z] ⏩ Skipping 3ZbFffeQbui4QvyDLiEeDGPMf5hdL5sDfFZtHb5Hpump — FDV: $4154 < 16900
[2025-04-27T09:41:56.795Z] ⏩ Skipping 3Jued9Pe2hzYUYH8qj3aeqWKk5DpLekmAXm6rGBSpump — FDV: $4189 < 16900
[2025-04-27T09:41:56.796Z] ⏩ Skipping 3G5qbqDTTrP2kSSWcYvZwFkraJXC7wNxuNWkQxLHpump — FDV: $4151 < 16900
[2025-04-27T09:41:56.797Z] ⏩ Skipping 7HM8MzdfC6rAQNgY4JmbuiPYyGZjroMDFdfztSFGpump — FDV: $4158 < 16900
[2025-04-27T09:41:56.797Z] ⏩ Skipping 3dVy3zHf9LTr4ixEU1NSsEEDnRnkZrsHxHeJ4sjrpump — FDV: $4157 < 16900
[2025-04-27T09:41:56.798Z] ⏩ Skipping C1abQMXYPJXzGsT6e2fAiT985Va2wFJK4z5j9U6wpump — FDV: $4153 < 16900
[2025-04-27T09:41:56.798Z] ⏩ Skipping BzhwR3Q395Z1Xg2iZCwsbtgMrw5nSkdGAZFnwgnmpump — FDV: $4172 < 16900
[2025-04-27T09:41:56.799Z] ⏩ Skipping ApeYzwDs4qXizrpzej4esQW2D9A4d6rpERKAnTaZpump — FDV: $4149 < 16900
[2025-04-27T09:41:56.800Z] ⏩ Skipping CYLu3yw1TX6Har6cFxAaNpjci3zbKsDsg3LxXsH2pump — FDV: $4153 < 16900
[2025-04-27T09:41:56.800Z] ⏩ Skipping DchL2PMN7q3xAc8vE6pxH3RGHy3oSLmQkYnmmcfcpump — FDV: $4149 < 16900
[2025-04-27T09:41:56.801Z] ⏩ Skipping 99MMcoi3TsANqc1ikyoWqummBdxGmLDV771Td4UUpump — FDV: $4374 < 16900
[2025-04-27T09:41:56.801Z] ⏩ Skipping nUW2QBCshQu8tzr7WSrShtxMrCKyS9qFEdEB8vdpump — FDV: $4195 < 16900
[2025-04-27T09:41:56.802Z] ⏩ Skipping AULY35ybmdqDAW5UjbJQHjSr7ytZa59S7ZuuLvjVpump — FDV: $4151 < 16900
[2025-04-27T09:41:56.802Z] ⏩ Skipping 5GGZ6LXdmYug8GFzJCnoDgck4BWJPgKRdqnrR3uhpump — FDV: $4973 < 16900
[2025-04-27T09:41:56.803Z] ⏩ Skipping ecM47sa4oWZzM2qvautNkqFubZ5kVUzaV2Vdhqypump — FDV: $4151 < 16900
[2025-04-27T09:41:56.803Z] ⏩ Skipping F8wvpMgRZUkoAm3KD8ZYF6D2bhiXoNkqukVXqa8pump — FDV: $4147 < 16900
[2025-04-27T09:41:56.804Z] ⏩ Skipping G7LPE9WWhRs5Q1UXYVN6NFKxdCvEXi3pGgUQB9Gkpump — FDV: $4147 < 16900
[2025-04-27T09:41:56.804Z] ⏩ Skipping 2WNbm3FEadyAipT6AieD4LcZJLmkDXQZzPxD7oy1pump — FDV: $4151 < 16900
[2025-04-27T09:41:56.805Z] ⏩ Skipping 6UiTHyvKEodarSRdjxmm5hSmduYRjbGHdEgktCtfpump — FDV: $4149 < 16900
[2025-04-27T09:41:56.805Z] ⏩ Skipping BJH1CnJDdq5KKiWx3ELQGGwgan8krcVo8otnrowzpump — FDV: $4235 < 16900
[2025-04-27T09:41:56.806Z] ⏩ Skipping 88ag4a8RLRPm9t2H45qMG42vV3eMF8sACWonJh29pump — FDV: $4186 < 16900
[2025-04-27T09:41:56.806Z] ⏩ Skipping fQ8LeTKwTHjG8X6zcamcgnxsig2rtVJ96VmchvXpump — FDV: $4472 < 16900
[2025-04-27T09:41:56.807Z] ⏩ Skipping B2yEstWcYTWAhW6MwJLHvw868HmeVAPgYGZbReaTpump — FDV: $4150 < 16900
[2025-04-27T09:41:56.807Z] ⏩ Skipping 5MUeuVxniXb52FzdtyR2XNwaoyMg7RUc4b3CkipQPZ8N — FDV: $4309 < 16900
[2025-04-27T09:41:56.808Z] ⏩ Skipping BejkXurTyn1TPM41phEWfNQDJ85pjR9qwgNHZjZ6pump — FDV: $4147 < 16900
[2025-04-27T09:41:56.808Z] ⏩ Skipping 5a71X86eovWYFhZgDUJQDczNYujfFgLTVKekrSkNpump — FDV: $4509 < 16900
[2025-04-27T09:41:56.809Z] ⏩ Skipping 3DLox3FXuLiP4vBYfr99PGmoRh6buYFfFbb4JPX1pump — FDV: $4750 < 16900
[2025-04-27T09:41:56.809Z] ⏩ Skipping 2um3zYxkDqAzyvWW6XP6RDEW4rgs3txnfPt6WEEJpump — FDV: $4149 < 16900
[2025-04-27T09:41:56.810Z] ⏩ Skipping HWhF3SMzpkueNpqANWc3ZrcQhvfERQqPjpqGVq5xpump — FDV: $5177 < 16900
[2025-04-27T09:41:56.810Z] ⏩ Skipping 36PuLrkqZbuL2Ydwrdw5hRScff8V1nBc6KiHRDdEpump — FDV: $4199 < 16900
[2025-04-27T09:41:56.811Z] ⏩ Skipping 9GaHXdiFvjNP5VVRKuUriy3sfXNmPtFyU9YR8GPUpump — FDV: $4149 < 16900
[2025-04-27T09:41:56.812Z] ⏩ Skipping 31aXG3fz676Ui438iojvhcJfXzuWHXVFVJQFJnDipump — FDV: $4185 < 16900
[2025-04-27T09:41:56.812Z] ⏩ Skipping a9AvLBUMAxhZxAx8kQmSYVBDXfJD5EjZVnhgwT4pump — FDV: $4147 < 16900
[2025-04-27T09:41:56.813Z] ⏩ Skipping HRgisYuxHtZFWtC9fh4Xa7wbKFEbXek3jCVjUpz9pump — FDV: $4855 < 16900
[2025-04-27T09:41:56.813Z] ⏩ Skipping b8Z1hVNJeaN9L9U8WisVWNLogts5KdENNe2Ui1Vpump — FDV: $4151 < 16900
[2025-04-27T09:41:56.814Z] ⏩ Skipping 9CWYzAPcTSBjEon5WKJLr8UjMxiWZQhEQ6A3BxBJpump — FDV: $6670 < 16900
[2025-04-27T09:41:56.818Z] ⏩ Skipping 5NBVrYN3itMN5Ks237gtnjAyNnHcm3qbKK45VjsVpump — FDV: $4379 < 16900
[2025-04-27T09:41:56.819Z] ⏩ Skipping 3a4N99n6Rrz9FzSeUYtANcpV9eeGusRdmxcbXpzSpump — FDV: $4145 < 16900
[2025-04-27T09:41:56.820Z] ⏩ Skipping 7qghNdFiAnQeKnG5vS21qkeiXkY2PwnYWan84nXzpump — FDV: $4145 < 16900
[2025-04-27T09:41:56.820Z] ⏩ Skipping A6mbvtsL9DHedxpUfHYNrKo7ihtJAXF6Sn8gtxHFpump — FDV: $4183 < 16900
[2025-04-27T09:41:56.821Z] ⏩ Skipping 7ccbPF319NYoB9XbKUQxQJu3DnYvf7G6mvTkMPT1pump — FDV: $4149 < 16900
[2025-04-27T09:41:56.821Z] ⏩ Skipping F6mKuyXZaHMPpVjAeVJBa7TaRqnUxEr5WYn7nqpmzz2e — FDV: $4241 < 16900
[2025-04-27T09:41:56.822Z] ⏩ Skipping 51C6oEPGuxnNUzyjN5uQgAcZNGkfUQof23yEAwLspump — FDV: $4144 < 16900
[2025-04-27T09:41:56.822Z] ⏩ Skipping FC79ANnb3v3DY7gM3su7Ai4JgFvTWKdnzJsnYxH5pump — FDV: $4153 < 16900
[2025-04-27T09:41:56.823Z] ⏩ Skipping J3nGq9KfSCehW6dAF6YSds1N71D1vBZB1KSGNHpFpump — FDV: $4153 < 16900
[2025-04-27T09:41:56.823Z] ⏩ Skipping 5RNWRUq3sateBroD1YsmHiH5mrTPpuzcxhSC5BrDpump — FDV: $4150 < 16900
[2025-04-27T09:41:56.824Z] ⏩ Skipping E1TQ6EcfuVKJzqE5SBFCTTKGuDvSKdNBLH8HPm1Gpump — FDV: $4148 < 16900
[2025-04-27T09:41:56.824Z] ⏩ Skipping Dqq5TPKuiKiei39tUyZ2HJuULn7uGKwwPZKmEbbMpump — FDV: $6101.99999991625 < 16900
[2025-04-27T09:41:56.825Z] ⏩ Skipping 6kpFzALCf7tZR9EgDYrQgvYAeJ14Q83mbuXr3Y83pump — FDV: $4147 < 16900
[2025-04-27T09:41:56.825Z] ⏩ Skipping FH3ecuMmkRaQenuMdGYAgLuYMZse5UUfq6u75tX9pump — FDV: $5035 < 16900
[2025-04-27T09:41:56.826Z] ⏩ Skipping F8EdW2n7mcHkEyqDfmrCYuUePgV6mMX2E7YYyYqKpump — FDV: $4150 < 16900
[2025-04-27T09:41:56.826Z] ⏩ Skipping 5HEks7XHihoA351qv8xbrf5yqzZWSqqeEB39d8jbpump — FDV: $5368 < 16900
[2025-04-27T09:41:56.827Z] ⏩ Skipping 3Sbu6YkRYrG1eesT1nQEWrvaRZuov6978LepYqDLpump — FDV: $4147 < 16900
[2025-04-27T09:41:56.827Z] ⏩ Skipping D3nVrShQW6gtciGQ29LMZH8GYZP1wFhfvn3BJAvwpump — FDV: $4154 < 16900
[2025-04-27T09:41:56.828Z] ⏩ Skipping ExmSrkoSizpx51cvtdanFWab4cHUmLvuK8QpEHRqpump — FDV: $4346 < 16900
[2025-04-27T09:41:56.828Z] ⏩ Skipping AfjWyQbY4koKcLhj7GEkUgkvHNBMvZX1cxBtBWoNpump — FDV: $4432 < 16900
[2025-04-27T09:41:56.829Z] ⏩ Skipping GdM2zCxzzwnZcMBUFsRNXCHLB4Gr65iYdTStwDWnpump — FDV: $4145 < 16900
[2025-04-27T09:41:56.829Z] ⏩ Skipping 9L5u5bJZjUUkQF9ZbwpurWz3G5n9MUARhuQdcRUcpump — FDV: $4150 < 16900
[2025-04-27T09:41:56.830Z] ⏩ Skipping 8h9v2AgaESwW7J2Sn7JuwJvybJS5SibEbkRr1fcupump — FDV: $4635 < 16900
[2025-04-27T09:41:56.831Z] ⏩ Skipping 2sMicC9oyAxZ8JzYp6tSJtv9fBVrcGL9djWHTyuMpump — FDV: $4154 < 16900
[2025-04-27T09:41:56.831Z] ⏩ Skipping 7hA1Sm7tUkKJMnahvQXiYAGqzvspcLnuyaNG7Mibpump — FDV: $4151 < 16900
[2025-04-27T09:41:57.457Z] 🔍 Evaluating GLoe88mcNdb6HqTSBCBsmq5SJFTezWqyCZEVH23Mpump — mcap: $22095.24, age: 2.7 mins
[2025-04-27T09:41:58.048Z] ❌ Discord Error: Cannot read properties of undefined (reading 'includes')
[2025-04-27T09:41:58.049Z] ✅ [ROUND ENDED] Checked 100 tokens | Sent 1 tokens | Next poll: 30s
[2025-04-27T09:51:47.837Z] 🚀 [ROUND STARTED: PumpFun]
[2025-04-27T09:51:50.550Z] ✅ [ROUND ENDED] Pump Tokens: 0 checked | 0 sent
[2025-04-27T09:51:50.553Z] 🚀 [ROUND STARTED: Other Dex]
[2025-04-27T09:51:58.505Z] ✅ [ROUND ENDED] Non-Pump Tokens: 0 sent
[2025-04-27T09:52:28.512Z] 🚀 [ROUND STARTED: PumpFun]
[2025-04-27T09:52:30.138Z] ✅ [ROUND ENDED] Pump Tokens: 0 checked | 0 sent
[2025-04-27T09:52:30.138Z] 🚀 [ROUND STARTED: Other Dex]
[2025-04-27T09:52:34.087Z] 🚀 [ROUND STARTED]
[2025-04-27T09:52:36.141Z] ✅ [ROUND ENDED] Checked 0 tokens | Sent 0 tokens | Next poll: 30s
[2025-04-27T09:53:06.154Z] 🚀 [ROUND STARTED]
[2025-04-27T09:53:08.233Z] ✅ [ROUND ENDED] Checked 0 tokens | Sent 0 tokens | Next poll: 30s
[2025-04-27T09:53:08.641Z] ⏩ Skipped non-pump 28i2REQxyEweF89SdzVgR3FXhdXAf1c29Yenc4FcBVPN — FDV: $144132, Buys: 0, Volume: $0, Age: 76333.9 mins
[2025-04-27T09:53:08.835Z] ⏩ Skipped non-pump FFVcrc7wxCQ2HsxY6jhKNPwWUeKJsL472K28Vw16pump — FDV: $410990, Buys: 11, Volume: $247.56, Age: 82.6 mins
[2025-04-27T09:53:08.836Z] ⏩ Skipped non-pump FFVcrc7wxCQ2HsxY6jhKNPwWUeKJsL472K28Vw16pump — FDV: $174127, Buys: 0, Volume: $0, Age: 63.4 mins
[2025-04-27T09:53:08.836Z] ⏩ Skipped non-pump FFVcrc7wxCQ2HsxY6jhKNPwWUeKJsL472K28Vw16pump — FDV: $407916, Buys: 31, Volume: $3.19, Age: 34.4 mins
[2025-04-27T09:53:09.344Z] ⏩ Skipped non-pump GnaXkbmMV1zGK6bRCQnM9Jd6Jv2Hjw5b2PFVBaKEE5At — FDV: $2836, Buys: 0, Volume: $0, Age: 2530.7 mins
[2025-04-27T09:53:09.533Z] ⏩ Skipped non-pump Di7u2GFdP6GTpq5KQPYBxqYgw2TrcBr3GEdq5KGCy8jX — FDV: $6594894, Buys: 36, Volume: $76404.7, Age: 94.4 mins
[2025-04-27T09:53:09.734Z] ⏩ Skipped non-pump 9v1uTd3c8xrzSVtCox955DsGMMBapFiVCqyFXr9jmTRx — FDV: $959, Buys: 3, Volume: $81.47, Age: 136.7 mins
[2025-04-27T09:53:09.931Z] ⏩ Skipped non-pump 6fNn8SjtuCuPHr2AmSyGAnrhfyNBgy8cr6TkmdHkpump — FDV: $89845, Buys: 0, Volume: $0, Age: 69.5 mins
[2025-04-27T09:53:10.831Z] ⏩ Skipped non-pump HV8n5ZCEw4WEhCBVPm1te3XqVndS5uHgS8iw1FuWpump — FDV: $8030, Buys: 0, Volume: $0, Age: 124.6 mins
[2025-04-27T09:53:11.796Z] ⏩ Skipped non-pump E2VHibbNcUzzcn3SDQzitFdgyB3t4cHZU4NA377jPTEM — FDV: $4633357, Buys: 41, Volume: $104346.05, Age: 141.9 mins
[2025-04-27T09:53:12.722Z] ⏩ Skipped non-pump FFQ9UowbENAS9TptbQRLqs83bqbQv2ftVuBGeqpYpump — FDV: $15978, Buys: 0, Volume: $0, Age: 174.1 mins
[2025-04-27T09:53:13.410Z] ⏩ Skipped non-pump 4wnDSyQs71Z9o594ogz9QsZHWEvjQrk5Aeas146hpump — FDV: $122146, Buys: 0, Volume: $0, Age: 161.4 mins
[2025-04-27T09:53:13.658Z] ⏩ Skipped non-pump BM1LoqQNCsNzrVZLB9PqnCDTDki13zcKQxPSdMHopREV — FDV: $560, Buys: 0, Volume: $0, Age: 207.4 mins
[2025-04-27T09:53:13.788Z] ⏩ Skipped non-pump CvSTs9Nvus7DEmcHwr64JXpqYoGsjhUBSJ5LyVpqpump — FDV: $0, Buys: 5, Volume: $0, Age: 126.6 mins
[2025-04-27T09:53:38.237Z] 🚀 [ROUND STARTED]
[2025-04-27T09:53:40.093Z] ✅ [ROUND ENDED] Checked 0 tokens | Sent 0 tokens | Next poll: 30s
[2025-04-27T09:53:40.862Z] ⏩ Skipped non-pump 28i2REQxyEweF89SdzVgR3FXhdXAf1c29Yenc4FcBVPN — FDV: $144132, Buys: 0, Volume: $0, Age: 76334.5 mins
[2025-04-27T09:53:41.066Z] ⏩ Skipped non-pump FFVcrc7wxCQ2HsxY6jhKNPwWUeKJsL472K28Vw16pump — FDV: $432186, Buys: 12, Volume: $261.82, Age: 83.1 mins
[2025-04-27T09:53:41.067Z] ⏩ Skipped non-pump FFVcrc7wxCQ2HsxY6jhKNPwWUeKJsL472K28Vw16pump — FDV: $174127, Buys: 0, Volume: $0, Age: 63.9 mins
[2025-04-27T09:53:41.068Z] ⏩ Skipped non-pump FFVcrc7wxCQ2HsxY6jhKNPwWUeKJsL472K28Vw16pump — FDV: $407916, Buys: 31, Volume: $3.19, Age: 35.0 mins
[2025-04-27T09:53:41.595Z] ⏩ Skipped non-pump GnaXkbmMV1zGK6bRCQnM9Jd6Jv2Hjw5b2PFVBaKEE5At — FDV: $2836, Buys: 0, Volume: $0, Age: 2531.2 mins
[2025-04-27T09:53:41.793Z] ⏩ Skipped non-pump Di7u2GFdP6GTpq5KQPYBxqYgw2TrcBr3GEdq5KGCy8jX — FDV: $6608708, Buys: 34, Volume: $77140.54, Age: 95.0 mins
[2025-04-27T09:53:41.990Z] ⏩ Skipped non-pump 9v1uTd3c8xrzSVtCox955DsGMMBapFiVCqyFXr9jmTRx — FDV: $904, Buys: 2, Volume: $86.36, Age: 137.3 mins
[2025-04-27T09:53:42.495Z] ⏩ Skipped non-pump 6fNn8SjtuCuPHr2AmSyGAnrhfyNBgy8cr6TkmdHkpump — FDV: $89845, Buys: 0, Volume: $0, Age: 70.1 mins
[2025-04-27T09:53:43.401Z] ⏩ Skipped non-pump HV8n5ZCEw4WEhCBVPm1te3XqVndS5uHgS8iw1FuWpump — FDV: $8030, Buys: 0, Volume: $0, Age: 125.2 mins
[2025-04-27T09:53:44.057Z] ⏩ Skipped non-pump E2VHibbNcUzzcn3SDQzitFdgyB3t4cHZU4NA377jPTEM — FDV: $4575424, Buys: 35, Volume: $72916.68, Age: 142.4 mins
[2025-04-27T09:53:45.208Z] ⏩ Skipped non-pump FFQ9UowbENAS9TptbQRLqs83bqbQv2ftVuBGeqpYpump — FDV: $15978, Buys: 0, Volume: $0, Age: 174.7 mins
[2025-04-27T09:53:46.156Z] ⏩ Skipped non-pump 4wnDSyQs71Z9o594ogz9QsZHWEvjQrk5Aeas146hpump — FDV: $122146, Buys: 0, Volume: $0, Age: 162.0 mins
[2025-04-27T09:53:46.576Z] ⏩ Skipped non-pump BM1LoqQNCsNzrVZLB9PqnCDTDki13zcKQxPSdMHopREV — FDV: $560, Buys: 0, Volume: $0, Age: 208.0 mins
[2025-04-27T09:53:46.694Z] ⏩ Skipped non-pump CvSTs9Nvus7DEmcHwr64JXpqYoGsjhUBSJ5LyVpqpump — FDV: $0, Buys: 3, Volume: $0, Age: 127.1 mins
[2025-04-27T09:54:10.101Z] 🚀 [ROUND STARTED]
[2025-04-27T09:54:11.821Z] ✅ [ROUND ENDED] Checked 0 tokens | Sent 0 tokens | Next poll: 30s
[2025-04-27T09:54:12.215Z] ⏩ Skipped non-pump 28i2REQxyEweF89SdzVgR3FXhdXAf1c29Yenc4FcBVPN — FDV: $144132, Buys: 0, Volume: $0, Age: 76335.0 mins
[2025-04-27T09:54:12.404Z] ⏩ Skipped non-pump FFVcrc7wxCQ2HsxY6jhKNPwWUeKJsL472K28Vw16pump — FDV: $486646, Buys: 12, Volume: $293.66, Age: 83.6 mins
[2025-04-27T09:54:12.405Z] ⏩ Skipped non-pump FFVcrc7wxCQ2HsxY6jhKNPwWUeKJsL472K28Vw16pump — FDV: $174127, Buys: 0, Volume: $0, Age: 64.4 mins
[2025-04-27T09:54:12.405Z] ⏩ Skipped non-pump FFVcrc7wxCQ2HsxY6jhKNPwWUeKJsL472K28Vw16pump — FDV: $407916, Buys: 29, Volume: $1.98, Age: 35.5 mins
[2025-04-27T09:54:13.212Z] ⏩ Skipped non-pump GnaXkbmMV1zGK6bRCQnM9Jd6Jv2Hjw5b2PFVBaKEE5At — FDV: $2836, Buys: 0, Volume: $0, Age: 2531.7 mins
[2025-04-27T09:54:13.393Z] ⏩ Skipped non-pump Di7u2GFdP6GTpq5KQPYBxqYgw2TrcBr3GEdq5KGCy8jX — FDV: $6611962, Buys: 41, Volume: $88173.72, Age: 95.5 mins
[2025-04-27T09:54:13.890Z] ⏩ Skipped non-pump 9v1uTd3c8xrzSVtCox955DsGMMBapFiVCqyFXr9jmTRx — FDV: $923, Buys: 3, Volume: $102.89, Age: 137.8 mins
[2025-04-27T09:54:14.399Z] ⏩ Skipped non-pump 6fNn8SjtuCuPHr2AmSyGAnrhfyNBgy8cr6TkmdHkpump — FDV: $89845, Buys: 0, Volume: $0, Age: 70.6 mins
[2025-04-27T09:54:15.330Z] ⏩ Skipped non-pump HV8n5ZCEw4WEhCBVPm1te3XqVndS5uHgS8iw1FuWpump — FDV: $8030, Buys: 0, Volume: $0, Age: 125.7 mins
[2025-04-27T09:54:15.979Z] ⏩ Skipped non-pump E2VHibbNcUzzcn3SDQzitFdgyB3t4cHZU4NA377jPTEM — FDV: $4621165, Buys: 39, Volume: $74214.86, Age: 143.0 mins
[2025-04-27T09:54:17.146Z] ⏩ Skipped non-pump FFQ9UowbENAS9TptbQRLqs83bqbQv2ftVuBGeqpYpump — FDV: $15978, Buys: 0, Volume: $0, Age: 175.2 mins
[2025-04-27T09:54:18.059Z] ⏩ Skipped non-pump 4wnDSyQs71Z9o594ogz9QsZHWEvjQrk5Aeas146hpump — FDV: $122146, Buys: 0, Volume: $0, Age: 162.5 mins
[2025-04-27T09:54:18.736Z] ⏩ Skipped non-pump BM1LoqQNCsNzrVZLB9PqnCDTDki13zcKQxPSdMHopREV — FDV: $560, Buys: 0, Volume: $0, Age: 208.5 mins
[2025-04-27T09:54:19.091Z] ⏩ Skipped non-pump CvSTs9Nvus7DEmcHwr64JXpqYoGsjhUBSJ5LyVpqpump — FDV: $0, Buys: 3, Volume: $0, Age: 127.7 mins
